{
  "stats": {
    "suites": 46,
    "tests": 39,
    "passes": 39,
    "pending": 0,
    "failures": 0,
    "start": "2019-08-16T14:50:10.327Z",
    "end": "2019-08-16T14:50:10.343Z",
    "duration": 16,
    "testsRegistered": 39,
    "passPercent": 100,
    "pendingPercent": 0,
    "other": 0,
    "hasOther": false,
    "skipped": 0,
    "hasSkipped": false
  },
  "results": [
    {
      "uuid": "258cd913-6a1b-49bc-ab4a-20886af6156c",
      "title": "",
      "fullFile": "",
      "file": "",
      "beforeHooks": [],
      "afterHooks": [],
      "tests": [],
      "suites": [
        {
          "uuid": "cc3ea5ca-b7ed-42a2-8b16-d453b8d204a5",
          "title": "scaleNum",
          "fullFile": "/Users/wangyang/Desktop/study/calculate-asmd/test/index.test.js",
          "file": "/test/index.test.js",
          "beforeHooks": [],
          "afterHooks": [],
          "tests": [],
          "suites": [
            {
              "uuid": "f5e98947-8a11-49be-95bb-60acb463c014",
              "title": "#scaleNum(0.57, 2)",
              "fullFile": "/Users/wangyang/Desktop/study/calculate-asmd/test/index.test.js",
              "file": "/test/index.test.js",
              "beforeHooks": [],
              "afterHooks": [],
              "tests": [
                {
                  "title": "should equal 57",
                  "fullTitle": "scaleNum #scaleNum(0.57, 2) should equal 57",
                  "timedOut": false,
                  "duration": 0,
                  "state": "passed",
                  "speed": "fast",
                  "pass": true,
                  "fail": false,
                  "pending": false,
                  "context": null,
                  "code": "assert.equal(scaleNum(0.57, 2), 57)",
                  "err": {},
                  "uuid": "29ac219f-faaf-4bf7-aaa9-21f7d3e81916",
                  "parentUUID": "f5e98947-8a11-49be-95bb-60acb463c014",
                  "isHook": false,
                  "skipped": false
                }
              ],
              "suites": [],
              "passes": [
                "29ac219f-faaf-4bf7-aaa9-21f7d3e81916"
              ],
              "failures": [],
              "pending": [],
              "skipped": [],
              "duration": 0,
              "root": false,
              "rootEmpty": false,
              "_timeout": 2000
            },
            {
              "uuid": "a04a51f5-1946-4495-9f15-42dee99f63d3",
              "title": "#scaleNum(0.57, -2)",
              "fullFile": "/Users/wangyang/Desktop/study/calculate-asmd/test/index.test.js",
              "file": "/test/index.test.js",
              "beforeHooks": [],
              "afterHooks": [],
              "tests": [
                {
                  "title": "should equal 0.0057",
                  "fullTitle": "scaleNum #scaleNum(0.57, -2) should equal 0.0057",
                  "timedOut": false,
                  "duration": 0,
                  "state": "passed",
                  "speed": "fast",
                  "pass": true,
                  "fail": false,
                  "pending": false,
                  "context": null,
                  "code": "assert.equal(scaleNum(0.57, -2), 0.0057)",
                  "err": {},
                  "uuid": "93f65125-679d-4f84-b3af-ea0270137ca4",
                  "parentUUID": "a04a51f5-1946-4495-9f15-42dee99f63d3",
                  "isHook": false,
                  "skipped": false
                }
              ],
              "suites": [],
              "passes": [
                "93f65125-679d-4f84-b3af-ea0270137ca4"
              ],
              "failures": [],
              "pending": [],
              "skipped": [],
              "duration": 0,
              "root": false,
              "rootEmpty": false,
              "_timeout": 2000
            },
            {
              "uuid": "4787a7be-52d1-4773-bf22-10d317b0b75e",
              "title": "#scaleNum(-0.57, 2)",
              "fullFile": "/Users/wangyang/Desktop/study/calculate-asmd/test/index.test.js",
              "file": "/test/index.test.js",
              "beforeHooks": [],
              "afterHooks": [],
              "tests": [
                {
                  "title": "should equal -57",
                  "fullTitle": "scaleNum #scaleNum(-0.57, 2) should equal -57",
                  "timedOut": false,
                  "duration": 0,
                  "state": "passed",
                  "speed": "fast",
                  "pass": true,
                  "fail": false,
                  "pending": false,
                  "context": null,
                  "code": "assert.equal(scaleNum(-0.57, 2), -57)",
                  "err": {},
                  "uuid": "5596ff33-ce90-4709-807b-52de9bc07683",
                  "parentUUID": "4787a7be-52d1-4773-bf22-10d317b0b75e",
                  "isHook": false,
                  "skipped": false
                }
              ],
              "suites": [],
              "passes": [
                "5596ff33-ce90-4709-807b-52de9bc07683"
              ],
              "failures": [],
              "pending": [],
              "skipped": [],
              "duration": 0,
              "root": false,
              "rootEmpty": false,
              "_timeout": 2000
            },
            {
              "uuid": "80ac4568-0eb0-4251-bed6-5f97c1927a0d",
              "title": "#scaleNum(-0.57, -2)",
              "fullFile": "/Users/wangyang/Desktop/study/calculate-asmd/test/index.test.js",
              "file": "/test/index.test.js",
              "beforeHooks": [],
              "afterHooks": [],
              "tests": [
                {
                  "title": "should equal -0.0057",
                  "fullTitle": "scaleNum #scaleNum(-0.57, -2) should equal -0.0057",
                  "timedOut": false,
                  "duration": 0,
                  "state": "passed",
                  "speed": "fast",
                  "pass": true,
                  "fail": false,
                  "pending": false,
                  "context": null,
                  "code": "assert.equal(scaleNum(-0.57, -2), -0.0057)",
                  "err": {},
                  "uuid": "6dc488c0-02e0-430d-bde0-dfc30ec493ab",
                  "parentUUID": "80ac4568-0eb0-4251-bed6-5f97c1927a0d",
                  "isHook": false,
                  "skipped": false
                }
              ],
              "suites": [],
              "passes": [
                "6dc488c0-02e0-430d-bde0-dfc30ec493ab"
              ],
              "failures": [],
              "pending": [],
              "skipped": [],
              "duration": 0,
              "root": false,
              "rootEmpty": false,
              "_timeout": 2000
            },
            {
              "uuid": "d337fdde-13c0-4bde-8b89-0b0316681951",
              "title": "#scaleNum(0.57, 0)",
              "fullFile": "/Users/wangyang/Desktop/study/calculate-asmd/test/index.test.js",
              "file": "/test/index.test.js",
              "beforeHooks": [],
              "afterHooks": [],
              "tests": [
                {
                  "title": "should equal 0.57",
                  "fullTitle": "scaleNum #scaleNum(0.57, 0) should equal 0.57",
                  "timedOut": false,
                  "duration": 0,
                  "state": "passed",
                  "speed": "fast",
                  "pass": true,
                  "fail": false,
                  "pending": false,
                  "context": null,
                  "code": "assert.equal(scaleNum(0.57, 0), 0.57)",
                  "err": {},
                  "uuid": "29acfa0b-722d-403b-9c88-30a92770f4fa",
                  "parentUUID": "d337fdde-13c0-4bde-8b89-0b0316681951",
                  "isHook": false,
                  "skipped": false
                }
              ],
              "suites": [],
              "passes": [
                "29acfa0b-722d-403b-9c88-30a92770f4fa"
              ],
              "failures": [],
              "pending": [],
              "skipped": [],
              "duration": 0,
              "root": false,
              "rootEmpty": false,
              "_timeout": 2000
            }
          ],
          "passes": [],
          "failures": [],
          "pending": [],
          "skipped": [],
          "duration": 0,
          "root": false,
          "rootEmpty": false,
          "_timeout": 2000
        },
        {
          "uuid": "6b355898-ceab-48b2-b74b-3d4174e9e844",
          "title": "Invalid param in the scaleNum's first param",
          "fullFile": "/Users/wangyang/Desktop/study/calculate-asmd/test/index.test.js",
          "file": "/test/index.test.js",
          "beforeHooks": [],
          "afterHooks": [],
          "tests": [],
          "suites": [
            {
              "uuid": "a4938bcc-4c9f-45c5-bbb9-65bdaf414601",
              "title": "#scaleNum(\"\", 2)",
              "fullFile": "/Users/wangyang/Desktop/study/calculate-asmd/test/index.test.js",
              "file": "/test/index.test.js",
              "beforeHooks": [],
              "afterHooks": [],
              "tests": [
                {
                  "title": "should equal 0",
                  "fullTitle": "Invalid param in the scaleNum's first param #scaleNum(\"\", 2) should equal 0",
                  "timedOut": false,
                  "duration": 0,
                  "state": "passed",
                  "speed": "fast",
                  "pass": true,
                  "fail": false,
                  "pending": false,
                  "context": null,
                  "code": "assert.equal(scaleNum('', 2), 0)",
                  "err": {},
                  "uuid": "fa865f42-0db0-4493-84c3-6b984321ae91",
                  "parentUUID": "a4938bcc-4c9f-45c5-bbb9-65bdaf414601",
                  "isHook": false,
                  "skipped": false
                }
              ],
              "suites": [],
              "passes": [
                "fa865f42-0db0-4493-84c3-6b984321ae91"
              ],
              "failures": [],
              "pending": [],
              "skipped": [],
              "duration": 0,
              "root": false,
              "rootEmpty": false,
              "_timeout": 2000
            },
            {
              "uuid": "874658a4-c3c8-4ca8-bcea-c8aa3826eb27",
              "title": "#scaleNum(\"  \", 2)",
              "fullFile": "/Users/wangyang/Desktop/study/calculate-asmd/test/index.test.js",
              "file": "/test/index.test.js",
              "beforeHooks": [],
              "afterHooks": [],
              "tests": [
                {
                  "title": "should equal 0",
                  "fullTitle": "Invalid param in the scaleNum's first param #scaleNum(\"  \", 2) should equal 0",
                  "timedOut": false,
                  "duration": 0,
                  "state": "passed",
                  "speed": "fast",
                  "pass": true,
                  "fail": false,
                  "pending": false,
                  "context": null,
                  "code": "assert.equal(scaleNum('  ', 2), 0)",
                  "err": {},
                  "uuid": "333a0ade-2e7f-4361-9e14-04c857f9d197",
                  "parentUUID": "874658a4-c3c8-4ca8-bcea-c8aa3826eb27",
                  "isHook": false,
                  "skipped": false
                }
              ],
              "suites": [],
              "passes": [
                "333a0ade-2e7f-4361-9e14-04c857f9d197"
              ],
              "failures": [],
              "pending": [],
              "skipped": [],
              "duration": 0,
              "root": false,
              "rootEmpty": false,
              "_timeout": 2000
            },
            {
              "uuid": "7846787e-9e7d-485f-b184-0b67d0795390",
              "title": "#scaleNum(NaN, 2)",
              "fullFile": "/Users/wangyang/Desktop/study/calculate-asmd/test/index.test.js",
              "file": "/test/index.test.js",
              "beforeHooks": [],
              "afterHooks": [],
              "tests": [
                {
                  "title": "should equal NaN",
                  "fullTitle": "Invalid param in the scaleNum's first param #scaleNum(NaN, 2) should equal NaN",
                  "timedOut": false,
                  "duration": 1,
                  "state": "passed",
                  "speed": "fast",
                  "pass": true,
                  "fail": false,
                  "pending": false,
                  "context": null,
                  "code": "const num = scaleNum(NaN, 2)\nassert(expect(num).to.be.NaN)",
                  "err": {},
                  "uuid": "b4ef6cfe-eb8e-46b1-8065-7882dc5c72db",
                  "parentUUID": "7846787e-9e7d-485f-b184-0b67d0795390",
                  "isHook": false,
                  "skipped": false
                }
              ],
              "suites": [],
              "passes": [
                "b4ef6cfe-eb8e-46b1-8065-7882dc5c72db"
              ],
              "failures": [],
              "pending": [],
              "skipped": [],
              "duration": 1,
              "root": false,
              "rootEmpty": false,
              "_timeout": 2000
            },
            {
              "uuid": "e6fc54fa-3c09-4339-8719-14330db5e135",
              "title": "#scaleNum(null, 2)",
              "fullFile": "/Users/wangyang/Desktop/study/calculate-asmd/test/index.test.js",
              "file": "/test/index.test.js",
              "beforeHooks": [],
              "afterHooks": [],
              "tests": [
                {
                  "title": "should equal 2",
                  "fullTitle": "Invalid param in the scaleNum's first param #scaleNum(null, 2) should equal 2",
                  "timedOut": false,
                  "duration": 0,
                  "state": "passed",
                  "speed": "fast",
                  "pass": true,
                  "fail": false,
                  "pending": false,
                  "context": null,
                  "code": "assert.equal(scaleNum(null, 2), 0)",
                  "err": {},
                  "uuid": "65df819b-0944-4cdd-8162-9b214ef46dc9",
                  "parentUUID": "e6fc54fa-3c09-4339-8719-14330db5e135",
                  "isHook": false,
                  "skipped": false
                }
              ],
              "suites": [],
              "passes": [
                "65df819b-0944-4cdd-8162-9b214ef46dc9"
              ],
              "failures": [],
              "pending": [],
              "skipped": [],
              "duration": 0,
              "root": false,
              "rootEmpty": false,
              "_timeout": 2000
            },
            {
              "uuid": "d4817345-4cb1-4b67-a827-1d81f29c36df",
              "title": "#scaleNum(undefined, 2)",
              "fullFile": "/Users/wangyang/Desktop/study/calculate-asmd/test/index.test.js",
              "file": "/test/index.test.js",
              "beforeHooks": [],
              "afterHooks": [],
              "tests": [
                {
                  "title": "should equal 2",
                  "fullTitle": "Invalid param in the scaleNum's first param #scaleNum(undefined, 2) should equal 2",
                  "timedOut": false,
                  "duration": 0,
                  "state": "passed",
                  "speed": "fast",
                  "pass": true,
                  "fail": false,
                  "pending": false,
                  "context": null,
                  "code": "assert.equal(scaleNum(undefined, 2), 0)",
                  "err": {},
                  "uuid": "c4a4fafb-0a23-459e-bdfe-4317ee2b0048",
                  "parentUUID": "d4817345-4cb1-4b67-a827-1d81f29c36df",
                  "isHook": false,
                  "skipped": false
                }
              ],
              "suites": [],
              "passes": [
                "c4a4fafb-0a23-459e-bdfe-4317ee2b0048"
              ],
              "failures": [],
              "pending": [],
              "skipped": [],
              "duration": 0,
              "root": false,
              "rootEmpty": false,
              "_timeout": 2000
            }
          ],
          "passes": [],
          "failures": [],
          "pending": [],
          "skipped": [],
          "duration": 0,
          "root": false,
          "rootEmpty": false,
          "_timeout": 2000
        },
        {
          "uuid": "0b9c43f6-bee2-4790-9dcc-029ec95b1ced",
          "title": "Invalid param in the scaleNum's two param",
          "fullFile": "/Users/wangyang/Desktop/study/calculate-asmd/test/index.test.js",
          "file": "/test/index.test.js",
          "beforeHooks": [],
          "afterHooks": [],
          "tests": [],
          "suites": [
            {
              "uuid": "89317d23-ddd7-4435-9b35-224b8ba4fedc",
              "title": "#scaleNum(0.57,\"\")",
              "fullFile": "/Users/wangyang/Desktop/study/calculate-asmd/test/index.test.js",
              "file": "/test/index.test.js",
              "beforeHooks": [],
              "afterHooks": [],
              "tests": [
                {
                  "title": "should equal 0.57",
                  "fullTitle": "Invalid param in the scaleNum's two param #scaleNum(0.57,\"\") should equal 0.57",
                  "timedOut": false,
                  "duration": 0,
                  "state": "passed",
                  "speed": "fast",
                  "pass": true,
                  "fail": false,
                  "pending": false,
                  "context": null,
                  "code": "assert.equal(scaleNum(0.57, ''), 0.57)",
                  "err": {},
                  "uuid": "32564745-0d64-4e73-bf4b-e5dbed419c7c",
                  "parentUUID": "89317d23-ddd7-4435-9b35-224b8ba4fedc",
                  "isHook": false,
                  "skipped": false
                }
              ],
              "suites": [],
              "passes": [
                "32564745-0d64-4e73-bf4b-e5dbed419c7c"
              ],
              "failures": [],
              "pending": [],
              "skipped": [],
              "duration": 0,
              "root": false,
              "rootEmpty": false,
              "_timeout": 2000
            },
            {
              "uuid": "dfcbf136-f21b-47ef-ab99-e5ebd1efc7e7",
              "title": "#scaleNum(0.57,\"  \")",
              "fullFile": "/Users/wangyang/Desktop/study/calculate-asmd/test/index.test.js",
              "file": "/test/index.test.js",
              "beforeHooks": [],
              "afterHooks": [],
              "tests": [
                {
                  "title": "should equal 0.57",
                  "fullTitle": "Invalid param in the scaleNum's two param #scaleNum(0.57,\"  \") should equal 0.57",
                  "timedOut": false,
                  "duration": 0,
                  "state": "passed",
                  "speed": "fast",
                  "pass": true,
                  "fail": false,
                  "pending": false,
                  "context": null,
                  "code": "assert.equal(scaleNum(0.57, '  '), 0.57)",
                  "err": {},
                  "uuid": "0a46de0e-e3bd-4dd6-bab8-c5580da95b2f",
                  "parentUUID": "dfcbf136-f21b-47ef-ab99-e5ebd1efc7e7",
                  "isHook": false,
                  "skipped": false
                }
              ],
              "suites": [],
              "passes": [
                "0a46de0e-e3bd-4dd6-bab8-c5580da95b2f"
              ],
              "failures": [],
              "pending": [],
              "skipped": [],
              "duration": 0,
              "root": false,
              "rootEmpty": false,
              "_timeout": 2000
            },
            {
              "uuid": "ca3ecc4f-b856-4c29-b99b-8cfa5bf953fb",
              "title": "#scaleNum(0.57,NaN)",
              "fullFile": "/Users/wangyang/Desktop/study/calculate-asmd/test/index.test.js",
              "file": "/test/index.test.js",
              "beforeHooks": [],
              "afterHooks": [],
              "tests": [
                {
                  "title": "should equal NaN",
                  "fullTitle": "Invalid param in the scaleNum's two param #scaleNum(0.57,NaN) should equal NaN",
                  "timedOut": false,
                  "duration": 0,
                  "state": "passed",
                  "speed": "fast",
                  "pass": true,
                  "fail": false,
                  "pending": false,
                  "context": null,
                  "code": "assert(expect(scaleNum(0.57, NaN)).to.be.NaN)",
                  "err": {},
                  "uuid": "bdc4700e-4115-4017-8413-2044227ccc8d",
                  "parentUUID": "ca3ecc4f-b856-4c29-b99b-8cfa5bf953fb",
                  "isHook": false,
                  "skipped": false
                }
              ],
              "suites": [],
              "passes": [
                "bdc4700e-4115-4017-8413-2044227ccc8d"
              ],
              "failures": [],
              "pending": [],
              "skipped": [],
              "duration": 0,
              "root": false,
              "rootEmpty": false,
              "_timeout": 2000
            },
            {
              "uuid": "ab771165-0e19-4ba1-a9d0-223cd816a1f0",
              "title": "#scaleNum(0.57,null)",
              "fullFile": "/Users/wangyang/Desktop/study/calculate-asmd/test/index.test.js",
              "file": "/test/index.test.js",
              "beforeHooks": [],
              "afterHooks": [],
              "tests": [
                {
                  "title": "should equal 0.57",
                  "fullTitle": "Invalid param in the scaleNum's two param #scaleNum(0.57,null) should equal 0.57",
                  "timedOut": false,
                  "duration": 0,
                  "state": "passed",
                  "speed": "fast",
                  "pass": true,
                  "fail": false,
                  "pending": false,
                  "context": null,
                  "code": "assert.equal(scaleNum(0.57, null), 0.57)",
                  "err": {},
                  "uuid": "ab0664ae-3f4e-478d-a9f1-5f399ebb5a23",
                  "parentUUID": "ab771165-0e19-4ba1-a9d0-223cd816a1f0",
                  "isHook": false,
                  "skipped": false
                }
              ],
              "suites": [],
              "passes": [
                "ab0664ae-3f4e-478d-a9f1-5f399ebb5a23"
              ],
              "failures": [],
              "pending": [],
              "skipped": [],
              "duration": 0,
              "root": false,
              "rootEmpty": false,
              "_timeout": 2000
            },
            {
              "uuid": "85a5ff8b-f3aa-4e6c-ab02-3209d134cc84",
              "title": "#scaleNum(0.57,undefined)",
              "fullFile": "/Users/wangyang/Desktop/study/calculate-asmd/test/index.test.js",
              "file": "/test/index.test.js",
              "beforeHooks": [],
              "afterHooks": [],
              "tests": [
                {
                  "title": "should equal 0.57",
                  "fullTitle": "Invalid param in the scaleNum's two param #scaleNum(0.57,undefined) should equal 0.57",
                  "timedOut": false,
                  "duration": 1,
                  "state": "passed",
                  "speed": "fast",
                  "pass": true,
                  "fail": false,
                  "pending": false,
                  "context": null,
                  "code": "assert.equal(scaleNum(0.57, undefined), 0.57)",
                  "err": {},
                  "uuid": "f4683363-7502-444b-81cf-df38ef6fdc73",
                  "parentUUID": "85a5ff8b-f3aa-4e6c-ab02-3209d134cc84",
                  "isHook": false,
                  "skipped": false
                }
              ],
              "suites": [],
              "passes": [
                "f4683363-7502-444b-81cf-df38ef6fdc73"
              ],
              "failures": [],
              "pending": [],
              "skipped": [],
              "duration": 1,
              "root": false,
              "rootEmpty": false,
              "_timeout": 2000
            }
          ],
          "passes": [],
          "failures": [],
          "pending": [],
          "skipped": [],
          "duration": 0,
          "root": false,
          "rootEmpty": false,
          "_timeout": 2000
        },
        {
          "uuid": "926de115-9efb-4888-a764-6c40bfb930ac",
          "title": "ADD",
          "fullFile": "/Users/wangyang/Desktop/study/calculate-asmd/test/index.test.js",
          "file": "/test/index.test.js",
          "beforeHooks": [],
          "afterHooks": [],
          "tests": [],
          "suites": [
            {
              "uuid": "729a3241-084a-4ebe-a1ba-1c3dce14b373",
              "title": "#add(0.2, 0.4)",
              "fullFile": "/Users/wangyang/Desktop/study/calculate-asmd/test/index.test.js",
              "file": "/test/index.test.js",
              "beforeHooks": [],
              "afterHooks": [],
              "tests": [
                {
                  "title": "addNum should equal 0.6",
                  "fullTitle": "ADD #add(0.2, 0.4) addNum should equal 0.6",
                  "timedOut": false,
                  "duration": 0,
                  "state": "passed",
                  "speed": "fast",
                  "pass": true,
                  "fail": false,
                  "pending": false,
                  "context": null,
                  "code": "assert.equal(addNum, 0.6)",
                  "err": {},
                  "uuid": "39dfd541-83df-47b3-87b9-727e2a8dcf45",
                  "parentUUID": "729a3241-084a-4ebe-a1ba-1c3dce14b373",
                  "isHook": false,
                  "skipped": false
                }
              ],
              "suites": [],
              "passes": [
                "39dfd541-83df-47b3-87b9-727e2a8dcf45"
              ],
              "failures": [],
              "pending": [],
              "skipped": [],
              "duration": 0,
              "root": false,
              "rootEmpty": false,
              "_timeout": 2000
            },
            {
              "uuid": "4f9a570f-a781-4412-a25f-ddb486fc88a5",
              "title": "#add(0.2, -0.4)",
              "fullFile": "/Users/wangyang/Desktop/study/calculate-asmd/test/index.test.js",
              "file": "/test/index.test.js",
              "beforeHooks": [],
              "afterHooks": [],
              "tests": [
                {
                  "title": "addNegative should equal -0.2",
                  "fullTitle": "ADD #add(0.2, -0.4) addNegative should equal -0.2",
                  "timedOut": false,
                  "duration": 0,
                  "state": "passed",
                  "speed": "fast",
                  "pass": true,
                  "fail": false,
                  "pending": false,
                  "context": null,
                  "code": "assert.equal(addNegative, -0.2)",
                  "err": {},
                  "uuid": "19218e76-9358-448a-a273-2066f88ec69b",
                  "parentUUID": "4f9a570f-a781-4412-a25f-ddb486fc88a5",
                  "isHook": false,
                  "skipped": false
                }
              ],
              "suites": [],
              "passes": [
                "19218e76-9358-448a-a273-2066f88ec69b"
              ],
              "failures": [],
              "pending": [],
              "skipped": [],
              "duration": 0,
              "root": false,
              "rootEmpty": false,
              "_timeout": 2000
            },
            {
              "uuid": "2dfbf4a7-e422-40a5-bb28-702f53a52586",
              "title": "#add(\"\", 0.4)",
              "fullFile": "/Users/wangyang/Desktop/study/calculate-asmd/test/index.test.js",
              "file": "/test/index.test.js",
              "beforeHooks": [],
              "afterHooks": [],
              "tests": [
                {
                  "title": "addNegative should equal 0.4",
                  "fullTitle": "ADD #add(\"\", 0.4) addNegative should equal 0.4",
                  "timedOut": false,
                  "duration": 0,
                  "state": "passed",
                  "speed": "fast",
                  "pass": true,
                  "fail": false,
                  "pending": false,
                  "context": null,
                  "code": "assert.equal(addNegative, 0.4)",
                  "err": {},
                  "uuid": "2372bb3f-8a95-467e-af37-6b03bbe5f71f",
                  "parentUUID": "2dfbf4a7-e422-40a5-bb28-702f53a52586",
                  "isHook": false,
                  "skipped": false
                }
              ],
              "suites": [],
              "passes": [
                "2372bb3f-8a95-467e-af37-6b03bbe5f71f"
              ],
              "failures": [],
              "pending": [],
              "skipped": [],
              "duration": 0,
              "root": false,
              "rootEmpty": false,
              "_timeout": 2000
            },
            {
              "uuid": "04ff5035-9cdc-4f37-9a59-6fbf8f7703a8",
              "title": "#add(undefined, 0.4)",
              "fullFile": "/Users/wangyang/Desktop/study/calculate-asmd/test/index.test.js",
              "file": "/test/index.test.js",
              "beforeHooks": [],
              "afterHooks": [],
              "tests": [
                {
                  "title": "addNegative should equal 0.4",
                  "fullTitle": "ADD #add(undefined, 0.4) addNegative should equal 0.4",
                  "timedOut": false,
                  "duration": 0,
                  "state": "passed",
                  "speed": "fast",
                  "pass": true,
                  "fail": false,
                  "pending": false,
                  "context": null,
                  "code": "assert.equal(addNegative, 0.4)",
                  "err": {},
                  "uuid": "dc2d9152-a204-400a-a446-ee8017f55f86",
                  "parentUUID": "04ff5035-9cdc-4f37-9a59-6fbf8f7703a8",
                  "isHook": false,
                  "skipped": false
                }
              ],
              "suites": [],
              "passes": [
                "dc2d9152-a204-400a-a446-ee8017f55f86"
              ],
              "failures": [],
              "pending": [],
              "skipped": [],
              "duration": 0,
              "root": false,
              "rootEmpty": false,
              "_timeout": 2000
            },
            {
              "uuid": "4f09f222-8122-4f47-bb88-47f01c03ddcd",
              "title": "#add(null, null)",
              "fullFile": "/Users/wangyang/Desktop/study/calculate-asmd/test/index.test.js",
              "file": "/test/index.test.js",
              "beforeHooks": [],
              "afterHooks": [],
              "tests": [
                {
                  "title": "addNegative should equal 0",
                  "fullTitle": "ADD #add(null, null) addNegative should equal 0",
                  "timedOut": false,
                  "duration": 0,
                  "state": "passed",
                  "speed": "fast",
                  "pass": true,
                  "fail": false,
                  "pending": false,
                  "context": null,
                  "code": "assert.equal(addNegative, 0)",
                  "err": {},
                  "uuid": "2e97f414-4684-49f7-9c78-ea63eddb8a1e",
                  "parentUUID": "4f09f222-8122-4f47-bb88-47f01c03ddcd",
                  "isHook": false,
                  "skipped": false
                }
              ],
              "suites": [],
              "passes": [
                "2e97f414-4684-49f7-9c78-ea63eddb8a1e"
              ],
              "failures": [],
              "pending": [],
              "skipped": [],
              "duration": 0,
              "root": false,
              "rootEmpty": false,
              "_timeout": 2000
            },
            {
              "uuid": "2055c293-12ac-4939-9704-5f5b58911fcf",
              "title": "#add(0.4, NaN)",
              "fullFile": "/Users/wangyang/Desktop/study/calculate-asmd/test/index.test.js",
              "file": "/test/index.test.js",
              "beforeHooks": [],
              "afterHooks": [],
              "tests": [
                {
                  "title": "addNegative should equal NaN",
                  "fullTitle": "ADD #add(0.4, NaN) addNegative should equal NaN",
                  "timedOut": false,
                  "duration": 0,
                  "state": "passed",
                  "speed": "fast",
                  "pass": true,
                  "fail": false,
                  "pending": false,
                  "context": null,
                  "code": "assert(expect(addNegative).to.be.NaN)",
                  "err": {},
                  "uuid": "e56c1d3e-16c4-4960-961f-4728f56b2020",
                  "parentUUID": "2055c293-12ac-4939-9704-5f5b58911fcf",
                  "isHook": false,
                  "skipped": false
                }
              ],
              "suites": [],
              "passes": [
                "e56c1d3e-16c4-4960-961f-4728f56b2020"
              ],
              "failures": [],
              "pending": [],
              "skipped": [],
              "duration": 0,
              "root": false,
              "rootEmpty": false,
              "_timeout": 2000
            },
            {
              "uuid": "68794147-95cc-4626-926f-36cff61da2ac",
              "title": "#add(\"0.d2\", NaN)",
              "fullFile": "/Users/wangyang/Desktop/study/calculate-asmd/test/index.test.js",
              "file": "/test/index.test.js",
              "beforeHooks": [],
              "afterHooks": [],
              "tests": [
                {
                  "title": "addNegative should equal NaN",
                  "fullTitle": "ADD #add(\"0.d2\", NaN) addNegative should equal NaN",
                  "timedOut": false,
                  "duration": 0,
                  "state": "passed",
                  "speed": "fast",
                  "pass": true,
                  "fail": false,
                  "pending": false,
                  "context": null,
                  "code": "assert(expect(addNegative).to.be.NaN)",
                  "err": {},
                  "uuid": "29287f05-1919-4f23-bc87-ba88beb87f7a",
                  "parentUUID": "68794147-95cc-4626-926f-36cff61da2ac",
                  "isHook": false,
                  "skipped": false
                }
              ],
              "suites": [],
              "passes": [
                "29287f05-1919-4f23-bc87-ba88beb87f7a"
              ],
              "failures": [],
              "pending": [],
              "skipped": [],
              "duration": 0,
              "root": false,
              "rootEmpty": false,
              "_timeout": 2000
            }
          ],
          "passes": [],
          "failures": [],
          "pending": [],
          "skipped": [],
          "duration": 0,
          "root": false,
          "rootEmpty": false,
          "_timeout": 2000
        },
        {
          "uuid": "ea3e8690-8725-4084-9e2b-b8bfc9462bfe",
          "title": "SUB",
          "fullFile": "/Users/wangyang/Desktop/study/calculate-asmd/test/index.test.js",
          "file": "/test/index.test.js",
          "beforeHooks": [],
          "afterHooks": [],
          "tests": [],
          "suites": [
            {
              "uuid": "869d8b5c-4079-4327-9dbc-e7414c792aab",
              "title": "#sub(0.2, 0.4)",
              "fullFile": "/Users/wangyang/Desktop/study/calculate-asmd/test/index.test.js",
              "file": "/test/index.test.js",
              "beforeHooks": [],
              "afterHooks": [],
              "tests": [
                {
                  "title": "subNum should equal -0.2",
                  "fullTitle": "SUB #sub(0.2, 0.4) subNum should equal -0.2",
                  "timedOut": false,
                  "duration": 0,
                  "state": "passed",
                  "speed": "fast",
                  "pass": true,
                  "fail": false,
                  "pending": false,
                  "context": null,
                  "code": "assert.equal(subNum, -0.2)",
                  "err": {},
                  "uuid": "9073b1cf-48e8-4d9d-a7d0-e6b3ceca82d6",
                  "parentUUID": "869d8b5c-4079-4327-9dbc-e7414c792aab",
                  "isHook": false,
                  "skipped": false
                }
              ],
              "suites": [],
              "passes": [
                "9073b1cf-48e8-4d9d-a7d0-e6b3ceca82d6"
              ],
              "failures": [],
              "pending": [],
              "skipped": [],
              "duration": 0,
              "root": false,
              "rootEmpty": false,
              "_timeout": 2000
            },
            {
              "uuid": "831caf9b-d2d0-4236-80f3-ce219f59b81e",
              "title": "#sub(0.2, -0.4)",
              "fullFile": "/Users/wangyang/Desktop/study/calculate-asmd/test/index.test.js",
              "file": "/test/index.test.js",
              "beforeHooks": [],
              "afterHooks": [],
              "tests": [
                {
                  "title": "subNegative should equal 0.6",
                  "fullTitle": "SUB #sub(0.2, -0.4) subNegative should equal 0.6",
                  "timedOut": false,
                  "duration": 0,
                  "state": "passed",
                  "speed": "fast",
                  "pass": true,
                  "fail": false,
                  "pending": false,
                  "context": null,
                  "code": "assert.equal(subNegative, 0.6)",
                  "err": {},
                  "uuid": "54a456e9-f211-4145-9cf0-6a878af14307",
                  "parentUUID": "831caf9b-d2d0-4236-80f3-ce219f59b81e",
                  "isHook": false,
                  "skipped": false
                }
              ],
              "suites": [],
              "passes": [
                "54a456e9-f211-4145-9cf0-6a878af14307"
              ],
              "failures": [],
              "pending": [],
              "skipped": [],
              "duration": 0,
              "root": false,
              "rootEmpty": false,
              "_timeout": 2000
            },
            {
              "uuid": "c1cd4261-e35e-46c7-ba30-3165e6a6f14d",
              "title": "#sub(0.2, null)",
              "fullFile": "/Users/wangyang/Desktop/study/calculate-asmd/test/index.test.js",
              "file": "/test/index.test.js",
              "beforeHooks": [],
              "afterHooks": [],
              "tests": [
                {
                  "title": "subNegative should equal 0.2",
                  "fullTitle": "SUB #sub(0.2, null) subNegative should equal 0.2",
                  "timedOut": false,
                  "duration": 0,
                  "state": "passed",
                  "speed": "fast",
                  "pass": true,
                  "fail": false,
                  "pending": false,
                  "context": null,
                  "code": "assert.equal(subNegative, 0.2)",
                  "err": {},
                  "uuid": "d66f97fa-abd7-497d-a4c9-f10999cec5e1",
                  "parentUUID": "c1cd4261-e35e-46c7-ba30-3165e6a6f14d",
                  "isHook": false,
                  "skipped": false
                }
              ],
              "suites": [],
              "passes": [
                "d66f97fa-abd7-497d-a4c9-f10999cec5e1"
              ],
              "failures": [],
              "pending": [],
              "skipped": [],
              "duration": 0,
              "root": false,
              "rootEmpty": false,
              "_timeout": 2000
            },
            {
              "uuid": "b0b44fa4-cefd-4e94-82b7-20124436c1e9",
              "title": "#sub(undefined, 0.2)",
              "fullFile": "/Users/wangyang/Desktop/study/calculate-asmd/test/index.test.js",
              "file": "/test/index.test.js",
              "beforeHooks": [],
              "afterHooks": [],
              "tests": [
                {
                  "title": "subNegative should equal -0.2",
                  "fullTitle": "SUB #sub(undefined, 0.2) subNegative should equal -0.2",
                  "timedOut": false,
                  "duration": 0,
                  "state": "passed",
                  "speed": "fast",
                  "pass": true,
                  "fail": false,
                  "pending": false,
                  "context": null,
                  "code": "assert.equal(subNegative, -0.2)",
                  "err": {},
                  "uuid": "3f7ec5df-24c9-4327-8024-78250b0cb9df",
                  "parentUUID": "b0b44fa4-cefd-4e94-82b7-20124436c1e9",
                  "isHook": false,
                  "skipped": false
                }
              ],
              "suites": [],
              "passes": [
                "3f7ec5df-24c9-4327-8024-78250b0cb9df"
              ],
              "failures": [],
              "pending": [],
              "skipped": [],
              "duration": 0,
              "root": false,
              "rootEmpty": false,
              "_timeout": 2000
            },
            {
              "uuid": "f042d60e-ef56-497d-a791-1801471cb63f",
              "title": "#sub(NaN, 0.2)",
              "fullFile": "/Users/wangyang/Desktop/study/calculate-asmd/test/index.test.js",
              "file": "/test/index.test.js",
              "beforeHooks": [],
              "afterHooks": [],
              "tests": [
                {
                  "title": "subNegative should equal NaN",
                  "fullTitle": "SUB #sub(NaN, 0.2) subNegative should equal NaN",
                  "timedOut": false,
                  "duration": 0,
                  "state": "passed",
                  "speed": "fast",
                  "pass": true,
                  "fail": false,
                  "pending": false,
                  "context": null,
                  "code": "assert(expect(subNegative).to.be.NaN)",
                  "err": {},
                  "uuid": "9b160ad4-e110-49d2-a7e1-e2837336b529",
                  "parentUUID": "f042d60e-ef56-497d-a791-1801471cb63f",
                  "isHook": false,
                  "skipped": false
                }
              ],
              "suites": [],
              "passes": [
                "9b160ad4-e110-49d2-a7e1-e2837336b529"
              ],
              "failures": [],
              "pending": [],
              "skipped": [],
              "duration": 0,
              "root": false,
              "rootEmpty": false,
              "_timeout": 2000
            },
            {
              "uuid": "65e2ddb0-3d80-4113-99e3-f3fd91d70e15",
              "title": "#sub(\" \", 0.2)",
              "fullFile": "/Users/wangyang/Desktop/study/calculate-asmd/test/index.test.js",
              "file": "/test/index.test.js",
              "beforeHooks": [],
              "afterHooks": [],
              "tests": [
                {
                  "title": "subNegative should equal -0.2",
                  "fullTitle": "SUB #sub(\" \", 0.2) subNegative should equal -0.2",
                  "timedOut": false,
                  "duration": 0,
                  "state": "passed",
                  "speed": "fast",
                  "pass": true,
                  "fail": false,
                  "pending": false,
                  "context": null,
                  "code": "assert.equal(subNegative, -0.2)",
                  "err": {},
                  "uuid": "525f150d-55bf-47a9-b8d4-5bbbe282aac2",
                  "parentUUID": "65e2ddb0-3d80-4113-99e3-f3fd91d70e15",
                  "isHook": false,
                  "skipped": false
                }
              ],
              "suites": [],
              "passes": [
                "525f150d-55bf-47a9-b8d4-5bbbe282aac2"
              ],
              "failures": [],
              "pending": [],
              "skipped": [],
              "duration": 0,
              "root": false,
              "rootEmpty": false,
              "_timeout": 2000
            }
          ],
          "passes": [],
          "failures": [],
          "pending": [],
          "skipped": [],
          "duration": 0,
          "root": false,
          "rootEmpty": false,
          "_timeout": 2000
        },
        {
          "uuid": "7d84e920-3da6-4eee-95c7-9cf4d30d1555",
          "title": "MUL",
          "fullFile": "/Users/wangyang/Desktop/study/calculate-asmd/test/index.test.js",
          "file": "/test/index.test.js",
          "beforeHooks": [],
          "afterHooks": [],
          "tests": [],
          "suites": [
            {
              "uuid": "a1a9b824-eed1-4b52-9706-94662cb77dd8",
              "title": "#mul(0.57, 100)",
              "fullFile": "/Users/wangyang/Desktop/study/calculate-asmd/test/index.test.js",
              "file": "/test/index.test.js",
              "beforeHooks": [],
              "afterHooks": [],
              "tests": [
                {
                  "title": "mulNum should equal 57",
                  "fullTitle": "MUL #mul(0.57, 100) mulNum should equal 57",
                  "timedOut": false,
                  "duration": 0,
                  "state": "passed",
                  "speed": "fast",
                  "pass": true,
                  "fail": false,
                  "pending": false,
                  "context": null,
                  "code": "assert.equal(mulNum, 57)",
                  "err": {},
                  "uuid": "3f45d6b6-3147-4b9b-8e5d-fd8adf48f8ad",
                  "parentUUID": "a1a9b824-eed1-4b52-9706-94662cb77dd8",
                  "isHook": false,
                  "skipped": false
                }
              ],
              "suites": [],
              "passes": [
                "3f45d6b6-3147-4b9b-8e5d-fd8adf48f8ad"
              ],
              "failures": [],
              "pending": [],
              "skipped": [],
              "duration": 0,
              "root": false,
              "rootEmpty": false,
              "_timeout": 2000
            },
            {
              "uuid": "444cecbb-61fc-49cf-8e86-478a721d74fe",
              "title": "#mul(-0.57, 100)",
              "fullFile": "/Users/wangyang/Desktop/study/calculate-asmd/test/index.test.js",
              "file": "/test/index.test.js",
              "beforeHooks": [],
              "afterHooks": [],
              "tests": [
                {
                  "title": "mulNegative should equal -57",
                  "fullTitle": "MUL #mul(-0.57, 100) mulNegative should equal -57",
                  "timedOut": false,
                  "duration": 0,
                  "state": "passed",
                  "speed": "fast",
                  "pass": true,
                  "fail": false,
                  "pending": false,
                  "context": null,
                  "code": "assert.equal(mulNegative, -57)",
                  "err": {},
                  "uuid": "4430650b-d30c-40de-971d-84ee6bdc4bce",
                  "parentUUID": "444cecbb-61fc-49cf-8e86-478a721d74fe",
                  "isHook": false,
                  "skipped": false
                }
              ],
              "suites": [],
              "passes": [
                "4430650b-d30c-40de-971d-84ee6bdc4bce"
              ],
              "failures": [],
              "pending": [],
              "skipped": [],
              "duration": 0,
              "root": false,
              "rootEmpty": false,
              "_timeout": 2000
            },
            {
              "uuid": "b7b48ba1-2c18-4449-bc82-ccb0c03dbba9",
              "title": "#mul(null, 100)",
              "fullFile": "/Users/wangyang/Desktop/study/calculate-asmd/test/index.test.js",
              "file": "/test/index.test.js",
              "beforeHooks": [],
              "afterHooks": [],
              "tests": [
                {
                  "title": "mulNegative should equal 0",
                  "fullTitle": "MUL #mul(null, 100) mulNegative should equal 0",
                  "timedOut": false,
                  "duration": 0,
                  "state": "passed",
                  "speed": "fast",
                  "pass": true,
                  "fail": false,
                  "pending": false,
                  "context": null,
                  "code": "assert.equal(mulNegative, 0)",
                  "err": {},
                  "uuid": "bd110065-ede6-4db0-93e3-c9ff731c1b43",
                  "parentUUID": "b7b48ba1-2c18-4449-bc82-ccb0c03dbba9",
                  "isHook": false,
                  "skipped": false
                }
              ],
              "suites": [],
              "passes": [
                "bd110065-ede6-4db0-93e3-c9ff731c1b43"
              ],
              "failures": [],
              "pending": [],
              "skipped": [],
              "duration": 0,
              "root": false,
              "rootEmpty": false,
              "_timeout": 2000
            },
            {
              "uuid": "f16a009d-4cb5-410b-b43f-25203c087b7f",
              "title": "#mul(\"0.a4\", 0.2)",
              "fullFile": "/Users/wangyang/Desktop/study/calculate-asmd/test/index.test.js",
              "file": "/test/index.test.js",
              "beforeHooks": [],
              "afterHooks": [],
              "tests": [
                {
                  "title": "mulNegative should equal NaN",
                  "fullTitle": "MUL #mul(\"0.a4\", 0.2) mulNegative should equal NaN",
                  "timedOut": false,
                  "duration": 0,
                  "state": "passed",
                  "speed": "fast",
                  "pass": true,
                  "fail": false,
                  "pending": false,
                  "context": null,
                  "code": "assert(expect(mulNegative).to.be.NaN)",
                  "err": {},
                  "uuid": "7f0d5d9d-001d-433d-9eaa-7912ea4f7e5f",
                  "parentUUID": "f16a009d-4cb5-410b-b43f-25203c087b7f",
                  "isHook": false,
                  "skipped": false
                }
              ],
              "suites": [],
              "passes": [
                "7f0d5d9d-001d-433d-9eaa-7912ea4f7e5f"
              ],
              "failures": [],
              "pending": [],
              "skipped": [],
              "duration": 0,
              "root": false,
              "rootEmpty": false,
              "_timeout": 2000
            }
          ],
          "passes": [],
          "failures": [],
          "pending": [],
          "skipped": [],
          "duration": 0,
          "root": false,
          "rootEmpty": false,
          "_timeout": 2000
        },
        {
          "uuid": "8d816737-b444-4a50-956b-d7a466503b67",
          "title": "DIV",
          "fullFile": "/Users/wangyang/Desktop/study/calculate-asmd/test/index.test.js",
          "file": "/test/index.test.js",
          "beforeHooks": [],
          "afterHooks": [],
          "tests": [],
          "suites": [
            {
              "uuid": "df0227d7-ee1e-4763-acac-01ddf8e0e6dc",
              "title": "#div(0.57, 100)",
              "fullFile": "/Users/wangyang/Desktop/study/calculate-asmd/test/index.test.js",
              "file": "/test/index.test.js",
              "beforeHooks": [],
              "afterHooks": [],
              "tests": [
                {
                  "title": "divNum should equal 0.0057",
                  "fullTitle": "DIV #div(0.57, 100) divNum should equal 0.0057",
                  "timedOut": false,
                  "duration": 0,
                  "state": "passed",
                  "speed": "fast",
                  "pass": true,
                  "fail": false,
                  "pending": false,
                  "context": null,
                  "code": "assert.equal(divNum, 0.0057)",
                  "err": {},
                  "uuid": "50f2da00-ea26-473e-8036-654da09003f3",
                  "parentUUID": "df0227d7-ee1e-4763-acac-01ddf8e0e6dc",
                  "isHook": false,
                  "skipped": false
                }
              ],
              "suites": [],
              "passes": [
                "50f2da00-ea26-473e-8036-654da09003f3"
              ],
              "failures": [],
              "pending": [],
              "skipped": [],
              "duration": 0,
              "root": false,
              "rootEmpty": false,
              "_timeout": 2000
            },
            {
              "uuid": "f3d44c47-ae47-4e0f-be35-ab0ebbff2c26",
              "title": "#div(-0.57, 100)",
              "fullFile": "/Users/wangyang/Desktop/study/calculate-asmd/test/index.test.js",
              "file": "/test/index.test.js",
              "beforeHooks": [],
              "afterHooks": [],
              "tests": [
                {
                  "title": "divNegative should equal -0.0057",
                  "fullTitle": "DIV #div(-0.57, 100) divNegative should equal -0.0057",
                  "timedOut": false,
                  "duration": 0,
                  "state": "passed",
                  "speed": "fast",
                  "pass": true,
                  "fail": false,
                  "pending": false,
                  "context": null,
                  "code": "assert.equal(divNegative, -0.0057)",
                  "err": {},
                  "uuid": "ea8ea421-3f98-4066-bb6d-bb9b2ec530a5",
                  "parentUUID": "f3d44c47-ae47-4e0f-be35-ab0ebbff2c26",
                  "isHook": false,
                  "skipped": false
                }
              ],
              "suites": [],
              "passes": [
                "ea8ea421-3f98-4066-bb6d-bb9b2ec530a5"
              ],
              "failures": [],
              "pending": [],
              "skipped": [],
              "duration": 0,
              "root": false,
              "rootEmpty": false,
              "_timeout": 2000
            },
            {
              "uuid": "6e7e7057-9543-4317-9e0b-dcddd551b731",
              "title": "#div(null, 10)",
              "fullFile": "/Users/wangyang/Desktop/study/calculate-asmd/test/index.test.js",
              "file": "/test/index.test.js",
              "beforeHooks": [],
              "afterHooks": [],
              "tests": [
                {
                  "title": "divNegative should equal 0",
                  "fullTitle": "DIV #div(null, 10) divNegative should equal 0",
                  "timedOut": false,
                  "duration": 0,
                  "state": "passed",
                  "speed": "fast",
                  "pass": true,
                  "fail": false,
                  "pending": false,
                  "context": null,
                  "code": "assert.equal(divNegative, 0)",
                  "err": {},
                  "uuid": "4f546582-a0f5-49f4-98ff-480a0cbd6788",
                  "parentUUID": "6e7e7057-9543-4317-9e0b-dcddd551b731",
                  "isHook": false,
                  "skipped": false
                }
              ],
              "suites": [],
              "passes": [
                "4f546582-a0f5-49f4-98ff-480a0cbd6788"
              ],
              "failures": [],
              "pending": [],
              "skipped": [],
              "duration": 0,
              "root": false,
              "rootEmpty": false,
              "_timeout": 2000
            },
            {
              "uuid": "fbf498df-7409-4f6b-a13e-0a70a89eb333",
              "title": "#div(\" \", 10)",
              "fullFile": "/Users/wangyang/Desktop/study/calculate-asmd/test/index.test.js",
              "file": "/test/index.test.js",
              "beforeHooks": [],
              "afterHooks": [],
              "tests": [
                {
                  "title": "divNegative should equal 0",
                  "fullTitle": "DIV #div(\" \", 10) divNegative should equal 0",
                  "timedOut": false,
                  "duration": 0,
                  "state": "passed",
                  "speed": "fast",
                  "pass": true,
                  "fail": false,
                  "pending": false,
                  "context": null,
                  "code": "assert.equal(divNegative, 0)",
                  "err": {},
                  "uuid": "0bc0f7dd-52f4-4738-aedd-a21a41d155d1",
                  "parentUUID": "fbf498df-7409-4f6b-a13e-0a70a89eb333",
                  "isHook": false,
                  "skipped": false
                }
              ],
              "suites": [],
              "passes": [
                "0bc0f7dd-52f4-4738-aedd-a21a41d155d1"
              ],
              "failures": [],
              "pending": [],
              "skipped": [],
              "duration": 0,
              "root": false,
              "rootEmpty": false,
              "_timeout": 2000
            },
            {
              "uuid": "cbbbd7a2-c1d2-4098-b8a1-9232ff399634",
              "title": "#div(100, NaN)",
              "fullFile": "/Users/wangyang/Desktop/study/calculate-asmd/test/index.test.js",
              "file": "/test/index.test.js",
              "beforeHooks": [],
              "afterHooks": [],
              "tests": [
                {
                  "title": "divNegative should equal NaN",
                  "fullTitle": "DIV #div(100, NaN) divNegative should equal NaN",
                  "timedOut": false,
                  "duration": 0,
                  "state": "passed",
                  "speed": "fast",
                  "pass": true,
                  "fail": false,
                  "pending": false,
                  "context": null,
                  "code": "assert(expect(divNegative).to.be.NaN)",
                  "err": {},
                  "uuid": "86026c46-ec3e-450d-b5ca-9973b9dd0eed",
                  "parentUUID": "cbbbd7a2-c1d2-4098-b8a1-9232ff399634",
                  "isHook": false,
                  "skipped": false
                }
              ],
              "suites": [],
              "passes": [
                "86026c46-ec3e-450d-b5ca-9973b9dd0eed"
              ],
              "failures": [],
              "pending": [],
              "skipped": [],
              "duration": 0,
              "root": false,
              "rootEmpty": false,
              "_timeout": 2000
            },
            {
              "uuid": "75c98db1-8528-4cca-a440-416ef8dde3c7",
              "title": "#div(100, null)",
              "fullFile": "/Users/wangyang/Desktop/study/calculate-asmd/test/index.test.js",
              "file": "/test/index.test.js",
              "beforeHooks": [],
              "afterHooks": [],
              "tests": [
                {
                  "title": "divNegative should equal Infinity",
                  "fullTitle": "DIV #div(100, null) divNegative should equal Infinity",
                  "timedOut": false,
                  "duration": 0,
                  "state": "passed",
                  "speed": "fast",
                  "pass": true,
                  "fail": false,
                  "pending": false,
                  "context": null,
                  "code": "assert.equal(divNegative, Infinity)",
                  "err": {},
                  "uuid": "ee5abc27-b770-45c7-8a49-65711a5fcc0d",
                  "parentUUID": "75c98db1-8528-4cca-a440-416ef8dde3c7",
                  "isHook": false,
                  "skipped": false
                }
              ],
              "suites": [],
              "passes": [
                "ee5abc27-b770-45c7-8a49-65711a5fcc0d"
              ],
              "failures": [],
              "pending": [],
              "skipped": [],
              "duration": 0,
              "root": false,
              "rootEmpty": false,
              "_timeout": 2000
            },
            {
              "uuid": "a8f36535-28bd-4f8f-8ef4-544b77c3e1c4",
              "title": "#div(100, 0)",
              "fullFile": "/Users/wangyang/Desktop/study/calculate-asmd/test/index.test.js",
              "file": "/test/index.test.js",
              "beforeHooks": [],
              "afterHooks": [],
              "tests": [
                {
                  "title": "divNegative should equal Infinity",
                  "fullTitle": "DIV #div(100, 0) divNegative should equal Infinity",
                  "timedOut": false,
                  "duration": 0,
                  "state": "passed",
                  "speed": "fast",
                  "pass": true,
                  "fail": false,
                  "pending": false,
                  "context": null,
                  "code": "assert.equal(divNegative, Infinity)",
                  "err": {},
                  "uuid": "efbca9e0-d1b9-45dc-83d7-9bd3b4260526",
                  "parentUUID": "a8f36535-28bd-4f8f-8ef4-544b77c3e1c4",
                  "isHook": false,
                  "skipped": false
                }
              ],
              "suites": [],
              "passes": [
                "efbca9e0-d1b9-45dc-83d7-9bd3b4260526"
              ],
              "failures": [],
              "pending": [],
              "skipped": [],
              "duration": 0,
              "root": false,
              "rootEmpty": false,
              "_timeout": 2000
            }
          ],
          "passes": [],
          "failures": [],
          "pending": [],
          "skipped": [],
          "duration": 0,
          "root": false,
          "rootEmpty": false,
          "_timeout": 2000
        }
      ],
      "passes": [],
      "failures": [],
      "pending": [],
      "skipped": [],
      "duration": 0,
      "root": true,
      "rootEmpty": true,
      "_timeout": 2000
    }
  ],
  "meta": {
    "mocha": {
      "version": "6.2.0"
    },
    "mochawesome": {
      "options": {
        "quiet": false,
        "reportFilename": "mochawesome",
        "saveHtml": true,
        "saveJson": true,
        "consoleReporter": "spec",
        "useInlineDiffs": false
      },
      "version": "4.1.0"
    },
    "marge": {
      "options": null,
      "version": "4.0.1"
    }
  }
}